Arguments: 
  /usr/local/bin/node /opt/yarn-v1.22.19/bin/yarn.js build

PATH: 
  /opt/git/bin:/vscode/1.89.1.24130/bin/remote-cli:/opt/git/bin:/opt/git/bin:/usr/local/share/nvm/current/bin:/usr/local/share/npm-global/bin:/usr/local/sbin:/usr/local/bin:/usr/sbin:/usr/bin:/sbin:/bin:/root/.local/bin

Yarn version: 
  1.22.19

Node version: 
  20.12.0

Platform: 
  linux x64

Trace: 
  SyntaxError: /project/workspace/package.json: Unexpected non-whitespace character after JSON at position 9
      at JSON.parse (<anonymous>)
      at /opt/yarn-v1.22.19/lib/cli.js:1629:59
      at Generator.next (<anonymous>)
      at step (/opt/yarn-v1.22.19/lib/cli.js:310:30)
      at /opt/yarn-v1.22.19/lib/cli.js:321:13

npm manifest: 
  "scripts": {
    "dev": "vite",
    "build": "vite build || exit 0",
    "preview": "vite preview"
  },

yarn manifest: 
  No manifest

Lockfile: 
  No lockfile
